<?xml version="1.0" encoding="UTF-8" ?>
<testsuite failures="0" time="1.929" errors="0" skipped="0" tests="8" name="at.srfg.kmt.ehealth.phrs.persistence.impl.sesame.SesameTriplestoreUnitTest">
  <properties>
[...]
</properties>
  <testcase time="0.966" classname="at.srfg.kmt.ehealth.phrs.persistence.impl.sesame.SesameTriplestoreUnitTest" name="persitExistTest"/>
  <testcase time="0.219" classname="at.srfg.kmt.ehealth.phrs.persistence.impl.sesame.SesameTriplestoreUnitTest" name="persitExistWithGenURITest"/>
  <testcase time="0.351" classname="at.srfg.kmt.ehealth.phrs.persistence.impl.sesame.SesameTriplestoreUnitTest" name="multivalueNodeTest"/>
  <testcase time="0.073" classname="at.srfg.kmt.ehealth.phrs.persistence.impl.sesame.SesameTriplestoreUnitTest" name="getSinglePredicatValue"/>
  <testcase time="0.07" classname="at.srfg.kmt.ehealth.phrs.persistence.impl.sesame.SesameTriplestoreUnitTest" name="getMultiPredicatValue"/>
  <testcase time="0.031" classname="at.srfg.kmt.ehealth.phrs.persistence.impl.sesame.SesameTriplestoreUnitTest" name="removeSimpleNodeBySPV"/>
  <testcase time="0.081" classname="at.srfg.kmt.ehealth.phrs.persistence.impl.sesame.SesameTriplestoreUnitTest" name="removeSimpleNodeBySP"/>
  <testcase time="0.048" classname="at.srfg.kmt.ehealth.phrs.persistence.impl.sesame.SesameTriplestoreUnitTest" name="removeSimpleNodeByS"/>
</testsuite>